<?xml version="1.0" encoding="UTF-8"?>
<!-- Generated by org.testng.reporters.JUnitXMLReporter -->
<testsuite ignored="0" hostname="DESKTOP-KJ197RR" failures="0" tests="4" name="Test" time="10.714" errors="0" timestamp="2026-01-14T12:46:57 IST">
  <testcase classname="tests.CreateUserTest" name="testCreateUser" time="5.285"/>
  <testcase classname="tests.CreateUserTest" name="testGetUser" time="2.162"/>
  <testcase classname="tests.CreateUserTest" name="testUpdateUser" time="0.905"/>
  <testcase classname="tests.CreateUserTest" name="testDeleteUser" time="0.813"/>
</testsuite> <!-- Test -->
