<?xml version="1.0" encoding="UTF-8"?>
<!-- Generated by org.testng.reporters.JUnitXMLReporter -->
<testsuite ignored="0" hostname="DESKTOP-KJ197RR" failures="0" tests="4" name="Test" time="8.29" errors="0" timestamp="2026-01-14T12:58:05 IST">
  <testcase classname="tests.CreateUserTest" name="testCreateUser" time="3.806"/>
  <testcase classname="tests.CreateUserTest" name="testGetUser" time="1.87"/>
  <testcase classname="tests.CreateUserTest" name="testUpdateUser" time="0.918"/>
  <testcase classname="tests.CreateUserTest" name="testDeleteUser" time="1.012"/>
</testsuite> <!-- Test -->
