<?xml version="1.0" encoding="UTF-8"?>
<testsuite xmlns:xsi="http://www.w3.org/2001/XMLSchema-instance" xsi:noNamespaceSchemaLocation="https://maven.apache.org/surefire/maven-surefire-plugin/xsd/surefire-test-report-3.0.xsd" version="3.0" name="TestSuite" time="9.195" tests="4" errors="0" skipped="0" failures="0">
  <properties>
[...]
</properties>
  <testcase name="testCreateUser" classname="tests.CreateUserTest" time="3.805">
    <system-out><![CDATA[Request method:	POST
Request URI:	https://api.restful-api.dev/objects
Proxy:			<none>
Request params:	<none>
Query params:	<none>
Form params:	<none>
Path params:	<none>
Headers:		Accept=*/*
				Content-Type=application/json
Cookies:		<none>
Multiparts:		<none>
Body:
{
    "name": "Apple macbook pro 18",
    "data": {
        "year": 2012,
        "price": 2017.8,
        "CPU model": "intel core i5",
        "Hard disk size": "1 tb"
    }
}
HTTP/1.1 200 OK
Date: Wed, 14 Jan 2026 07:28:00 GMT
Content-Type: application/json
Transfer-Encoding: chunked
Connection: keep-alive
Server: cloudflare
Nel: {"report_to":"cf-nel","success_fraction":0.0,"max_age":604800}
Vary: Origin
Vary: Access-Control-Request-Method
Vary: Access-Control-Request-Headers
cf-cache-status: DYNAMIC
Report-To: {"group":"cf-nel","max_age":604800,"endpoints":[{"url":"https://a.nel.cloudflare.com/report/v4?s=NwwvynT1rNrLaWKre2TOGlfgZtEX5TLj2%2FCjGCVV0aQgS8Wiij4hpi%2FKgUuTgmKY8lztZOm1%2FcO%2BTaFLApzUmDGjKMR%2FiqYMd0Pz7sTdDcxfe1k%3D"}]}
Content-Encoding: gzip
CF-RAY: 9bdb69ffefc0d25d-FRA
alt-svc: h3=":443"; ma=86400

{
    "id": "ff8081819782e69e019bbb677c633b18",
    "name": "Apple macbook pro 18",
    "createdAt": "2026-01-14T07:28:00.099+00:00",
    "data": {
        "year": 2012,
        "price": 2017.8,
        "CPU model": "intel core i5",
        "Hard disk size": "1 tb"
    }
}
Created ID: ff8081819782e69e019bbb677c633b18
]]></system-out>
    <system-err><![CDATA[SLF4J: Failed to load class "org.slf4j.impl.StaticLoggerBinder".
SLF4J: Defaulting to no-operation (NOP) logger implementation
SLF4J: See http://www.slf4j.org/codes.html#StaticLoggerBinder for further details.
]]></system-err>
  </testcase>
  <testcase name="testGetUser" classname="tests.CreateUserTest" time="1.868"/>
  <testcase name="testUpdateUser" classname="tests.CreateUserTest" time="0.932">
    <system-out><![CDATA[HTTP/1.1 200 OK
Date: Wed, 14 Jan 2026 07:28:03 GMT
Content-Type: application/json
Transfer-Encoding: chunked
Connection: keep-alive
Server: cloudflare
Nel: {"report_to":"cf-nel","success_fraction":0.0,"max_age":604800}
Vary: Origin
Vary: Access-Control-Request-Method
Vary: Access-Control-Request-Headers
cf-cache-status: DYNAMIC
Report-To: {"group":"cf-nel","max_age":604800,"endpoints":[{"url":"https://a.nel.cloudflare.com/report/v4?s=JgMyqKQz4ecInwZk502QiYPtpZW7%2FX7wvhoRK5ExxyFn2IDs5D3orcJoHvmk7WBazEgFtwsGGPDdYOYYxnelPge3gxhD5KE0aBDdDQAixlpRL3A%3D"}]}
Content-Encoding: gzip
CF-RAY: 9bdb6a12ab856c21-FRA
alt-svc: h3=":443"; ma=86400

{
    "id": "ff8081819782e69e019bbb677c633b18",
    "name": "Motorola edge 50 pro",
    "updatedAt": "2026-01-14T07:28:03.108+00:00",
    "data": {
        "year": 2026,
        "price": 8889.9,
        "CPU model": "helo cpu model",
        "Hard disk size": "256 gb"
    }
}
]]></system-out>
  </testcase>
  <testcase name="testDeleteUser" classname="tests.CreateUserTest" time="1.017">
    <system-out><![CDATA[HTTP/1.1 200 OK
Date: Wed, 14 Jan 2026 07:28:04 GMT
Content-Type: application/json
Transfer-Encoding: chunked
Connection: keep-alive
Server: cloudflare
Nel: {"report_to":"cf-nel","success_fraction":0.0,"max_age":604800}
Vary: Origin
Vary: Access-Control-Request-Method
Vary: Access-Control-Request-Headers
cf-cache-status: DYNAMIC
Report-To: {"group":"cf-nel","max_age":604800,"endpoints":[{"url":"https://a.nel.cloudflare.com/report/v4?s=paDV8sdUNngthc%2BY94n3rYsFmE1hjlh52hzR69bH8n7G5U7Ypz74Ljx%2FIFLZ1jdVp1b2kHWpGJ9EUF4uMtUg55juATPOVw75BovO6%2BCmiJm1zoI%3D"}]}
Content-Encoding: gzip
CF-RAY: 9bdb6a185e86f49b-FRA
alt-svc: h3=":443"; ma=86400

{
    "message": "Object with id = ff8081819782e69e019bbb677c633b18 has been deleted."
}
]]></system-out>
  </testcase>
</testsuite>