<?xml version="1.0" encoding="UTF-8"?>
<testng-results ignored="0" total="4" passed="4" failed="0" skipped="0">
  <reporter-output>
  </reporter-output>
  <suite started-at="2026-01-14T12:57:57 IST" name="Suite" finished-at="2026-01-14T12:58:05 IST" duration-ms="8290">
    <groups>
    </groups>
    <test started-at="2026-01-14T12:57:57 IST" name="Test" finished-at="2026-01-14T12:58:05 IST" duration-ms="8290">
      <class name="tests.CreateUserTest">
        <test-method is-config="true" signature="setUp()[pri:0, instance:tests.CreateUserTest@595b007d]" started-at="2026-01-14T12:57:57 IST" name="setUp" finished-at="2026-01-14T12:57:57 IST" duration-ms="609" status="PASS">
          <reporter-output>
          </reporter-output>
        </test-method> <!-- setUp -->
        <test-method signature="testCreateUser()[pri:1, instance:tests.CreateUserTest@595b007d]" started-at="2026-01-14T12:57:58 IST" name="testCreateUser" finished-at="2026-01-14T12:58:01 IST" duration-ms="3806" status="PASS">
          <reporter-output>
          </reporter-output>
        </test-method> <!-- testCreateUser -->
        <test-method signature="testGetUser()[pri:2, instance:tests.CreateUserTest@595b007d]" started-at="2026-01-14T12:58:01 IST" name="testGetUser" finished-at="2026-01-14T12:58:03 IST" depends-on-methods="tests.CreateUserTest.testCreateUser" duration-ms="1870" status="PASS">
          <reporter-output>
          </reporter-output>
        </test-method> <!-- testGetUser -->
        <test-method signature="testUpdateUser()[pri:3, instance:tests.CreateUserTest@595b007d]" started-at="2026-01-14T12:58:03 IST" name="testUpdateUser" finished-at="2026-01-14T12:58:04 IST" depends-on-methods="tests.CreateUserTest.testGetUser" duration-ms="918" status="PASS">
          <reporter-output>
          </reporter-output>
        </test-method> <!-- testUpdateUser -->
        <test-method signature="testDeleteUser()[pri:4, instance:tests.CreateUserTest@595b007d]" started-at="2026-01-14T12:58:04 IST" name="testDeleteUser" finished-at="2026-01-14T12:58:05 IST" depends-on-methods="tests.CreateUserTest.testUpdateUser" duration-ms="1012" status="PASS">
          <reporter-output>
          </reporter-output>
        </test-method> <!-- testDeleteUser -->
      </class> <!-- tests.CreateUserTest -->
    </test> <!-- Test -->
  </suite> <!-- Suite -->
</testng-results>
