<?xml version="1.0" encoding="UTF-8"?>
<testng-results ignored="0" total="4" passed="4" failed="0" skipped="0">
  <reporter-output>
  </reporter-output>
  <suite started-at="2026-01-13T11:04:47 IST" name="Default suite" finished-at="2026-01-13T11:05:01 IST" duration-ms="13408">
    <groups>
    </groups>
    <test started-at="2026-01-13T11:04:47 IST" name="Default test" finished-at="2026-01-13T11:05:01 IST" duration-ms="13408">
      <class name="tests.CreateUserTest">
        <test-method is-config="true" signature="setUp()[pri:0, instance:tests.CreateUserTest@139982de]" started-at="2026-01-13T11:04:47 IST" name="setUp" finished-at="2026-01-13T11:04:49 IST" duration-ms="1901" status="PASS">
          <reporter-output>
          </reporter-output>
        </test-method> <!-- setUp -->
        <test-method signature="testCreateUser()[pri:1, instance:tests.CreateUserTest@139982de]" started-at="2026-01-13T11:04:49 IST" name="testCreateUser" finished-at="2026-01-13T11:04:57 IST" duration-ms="7267" status="PASS">
          <reporter-output>
          </reporter-output>
        </test-method> <!-- testCreateUser -->
        <test-method signature="testGetUser()[pri:2, instance:tests.CreateUserTest@139982de]" started-at="2026-01-13T11:04:57 IST" name="testGetUser" finished-at="2026-01-13T11:04:59 IST" depends-on-methods="tests.CreateUserTest.testCreateUser" duration-ms="2248" status="PASS">
          <reporter-output>
          </reporter-output>
        </test-method> <!-- testGetUser -->
        <test-method signature="testUpdateUser()[pri:3, instance:tests.CreateUserTest@139982de]" started-at="2026-01-13T11:04:59 IST" name="testUpdateUser" finished-at="2026-01-13T11:05:00 IST" depends-on-methods="tests.CreateUserTest.testGetUser" duration-ms="1000" status="PASS">
          <reporter-output>
          </reporter-output>
        </test-method> <!-- testUpdateUser -->
        <test-method signature="testDeleteUser()[pri:4, instance:tests.CreateUserTest@139982de]" started-at="2026-01-13T11:05:00 IST" name="testDeleteUser" finished-at="2026-01-13T11:05:01 IST" depends-on-methods="tests.CreateUserTest.testUpdateUser" duration-ms="827" status="PASS">
          <reporter-output>
          </reporter-output>
        </test-method> <!-- testDeleteUser -->
      </class> <!-- tests.CreateUserTest -->
    </test> <!-- Default test -->
  </suite> <!-- Default suite -->
</testng-results>
