<?xml version="1.0" encoding="UTF-8"?>
<testng-results ignored="0" total="4" passed="4" failed="0" skipped="0">
  <reporter-output>
  </reporter-output>
  <suite started-at="2026-01-14T12:46:46 IST" name="Suite" finished-at="2026-01-14T12:46:57 IST" duration-ms="10714">
    <groups>
    </groups>
    <test started-at="2026-01-14T12:46:46 IST" name="Test" finished-at="2026-01-14T12:46:57 IST" duration-ms="10714">
      <class name="tests.CreateUserTest">
        <test-method is-config="true" signature="setUp()[pri:0, instance:tests.CreateUserTest@662ac478]" started-at="2026-01-14T12:46:46 IST" name="setUp" finished-at="2026-01-14T12:46:48 IST" duration-ms="1416" status="PASS">
          <reporter-output>
          </reporter-output>
        </test-method> <!-- setUp -->
        <test-method signature="testCreateUser()[pri:1, instance:tests.CreateUserTest@662ac478]" started-at="2026-01-14T12:46:48 IST" name="testCreateUser" finished-at="2026-01-14T12:46:53 IST" duration-ms="5285" status="PASS">
          <reporter-output>
          </reporter-output>
        </test-method> <!-- testCreateUser -->
        <test-method signature="testGetUser()[pri:2, instance:tests.CreateUserTest@662ac478]" started-at="2026-01-14T12:46:53 IST" name="testGetUser" finished-at="2026-01-14T12:46:55 IST" depends-on-methods="tests.CreateUserTest.testCreateUser" duration-ms="2162" status="PASS">
          <reporter-output>
          </reporter-output>
        </test-method> <!-- testGetUser -->
        <test-method signature="testUpdateUser()[pri:3, instance:tests.CreateUserTest@662ac478]" started-at="2026-01-14T12:46:55 IST" name="testUpdateUser" finished-at="2026-01-14T12:46:56 IST" depends-on-methods="tests.CreateUserTest.testGetUser" duration-ms="905" status="PASS">
          <reporter-output>
          </reporter-output>
        </test-method> <!-- testUpdateUser -->
        <test-method signature="testDeleteUser()[pri:4, instance:tests.CreateUserTest@662ac478]" started-at="2026-01-14T12:46:56 IST" name="testDeleteUser" finished-at="2026-01-14T12:46:57 IST" depends-on-methods="tests.CreateUserTest.testUpdateUser" duration-ms="813" status="PASS">
          <reporter-output>
          </reporter-output>
        </test-method> <!-- testDeleteUser -->
      </class> <!-- tests.CreateUserTest -->
    </test> <!-- Test -->
  </suite> <!-- Suite -->
</testng-results>
