<?xml version="1.0" encoding="UTF-8"?>
<!-- Generated by org.testng.reporters.JUnitReportReporter -->
<testsuite hostname="DESKTOP-KJ197RR" failures="0" tests="4" name="tests.CreateUserTest" time="11.342" errors="0" timestamp="2026-01-13T11:05:01 IST" skipped="0">
  <testcase classname="tests.CreateUserTest" name="testCreateUser" time="7.267"/>
  <testcase classname="tests.CreateUserTest" name="testGetUser" time="2.248"/>
  <testcase classname="tests.CreateUserTest" name="testUpdateUser" time="1.000"/>
  <testcase classname="tests.CreateUserTest" name="testDeleteUser" time="0.827"/>
</testsuite> <!-- tests.CreateUserTest -->
