<?xml version="1.0" encoding="UTF-8"?>
<!-- Generated by org.testng.reporters.JUnitReportReporter -->
<testsuite hostname="DESKTOP-KJ197RR" failures="0" tests="4" name="tests.CreateUserTest" time="7.606" errors="0" timestamp="2026-01-14T12:58:05 IST" skipped="0">
  <testcase classname="tests.CreateUserTest" name="testCreateUser" time="3.806"/>
  <testcase classname="tests.CreateUserTest" name="testGetUser" time="1.870"/>
  <testcase classname="tests.CreateUserTest" name="testUpdateUser" time="0.918"/>
  <testcase classname="tests.CreateUserTest" name="testDeleteUser" time="1.012"/>
</testsuite> <!-- tests.CreateUserTest -->
